2025-02-22 02:14:24 +0000  Initial pipeline context: <IDEDistributionProcessingPipelineContext: 0x10e868360; archive(resolved)="<IDEArchive: 0x60000e21f090>", distributionTask(resolved)="2", distributionDestination(resolved)="1", distributionMethod(resolved)="<IDEDistributionMethodiOSAdHoc: 0x600000a2f4e0>", team(resolved)="<IDEProvisioningDisambiguatableBasicTeam: 0x600001514240; teamID='Y38XQ7EWLB', teamName='Irfan Jabbar (Individual - irfan.jabbar@yahoo.com)', teamType='Individual', username='irfan.jabbar@yahoo.com', isFreeProvisioningTeam='0'>">
	Chain (15, self inclusive):
	<IDEDistributionProcessingPipelineContext: 0x10e868360; archive = "<IDEArchive: 0x60000e21f090>", distributionMethod="<IDEDistributionMethodiOSAdHoc: 0x600000a2f4e0>", team="<IDEProvisioningDisambiguatableBasicTeam: 0x600001514240; teamID='Y38XQ7EWLB', teamName='Irfan Jabbar (Individual - irfan.jabbar@yahoo.com)', teamType='Individual', username='irfan.jabbar@yahoo.com', isFreeProvisioningTeam='0'>">
	<IDEDistributionProcessingPipelineContext: 0x10e8293b0; archive = "<IDEArchive: 0x60000e21f090>", distributionMethod="<IDEDistributionMethodiOSAdHoc: 0x600000a2f4e0>", team="<IDEProvisioningDisambiguatableBasicTeam: 0x600001514240; teamID='Y38XQ7EWLB', teamName='Irfan Jabbar (Individual - irfan.jabbar@yahoo.com)', teamType='Individual', username='irfan.jabbar@yahoo.com', isFreeProvisioningTeam='0'>">
	<IDEDistributionContext: 0x128b85700; archive = "<IDEArchive: 0x60000e21f090>", distributionMethod="<IDEDistributionMethodiOSAdHoc: 0x600000a2f4e0>", team="<IDEProvisioningDisambiguatableBasicTeam: 0x600001514240; teamID='Y38XQ7EWLB', teamName='Irfan Jabbar (Individual - irfan.jabbar@yahoo.com)', teamType='Individual', username='irfan.jabbar@yahoo.com', isFreeProvisioningTeam='0'>">
	<IDEDistributionContext: 0x12a096050; archive = "<IDEArchive: 0x60000e21f090>", distributionMethod="<IDEDistributionMethodiOSAdHoc: 0x600000a2f4e0>", team="<IDEProvisioningDisambiguatableBasicTeam: 0x600001514240; teamID='Y38XQ7EWLB', teamName='Irfan Jabbar (Individual - irfan.jabbar@yahoo.com)', teamType='Individual', username='irfan.jabbar@yahoo.com', isFreeProvisioningTeam='0'>">
	<IDEDistributionContext: 0x12a0a0970; archive = "<IDEArchive: 0x60000e21f090>", distributionMethod="<IDEDistributionMethodiOSAdHoc: 0x600000a2f4e0>", team="<IDEProvisioningDisambiguatableBasicTeam: 0x600001514240; teamID='Y38XQ7EWLB', teamName='Irfan Jabbar (Individual - irfan.jabbar@yahoo.com)', teamType='Individual', username='irfan.jabbar@yahoo.com', isFreeProvisioningTeam='0'>">
	<IDEDistributionContext: 0x12a0e7f00; archive = "<IDEArchive: 0x60000e21f090>", distributionMethod="<IDEDistributionMethodiOSAdHoc: 0x600000a2f4e0>", team="<IDEProvisioningDisambiguatableBasicTeam: 0x600001514240; teamID='Y38XQ7EWLB', teamName='Irfan Jabbar (Individual - irfan.jabbar@yahoo.com)', teamType='Individual', username='irfan.jabbar@yahoo.com', isFreeProvisioningTeam='0'>">
	<IDEDistributionContext: 0x30f54c280; archive = "<IDEArchive: 0x60000e21f090>", distributionMethod="<IDEDistributionMethodiOSAdHoc: 0x600000a2f4e0>", team="<IDEProvisioningDisambiguatableBasicTeam: 0x600001514240; teamID='Y38XQ7EWLB', teamName='Irfan Jabbar (Individual - irfan.jabbar@yahoo.com)', teamType='Individual', username='irfan.jabbar@yahoo.com', isFreeProvisioningTeam='0'>">
	<IDEDistributionContext: 0x30f548b60; archive = "<IDEArchive: 0x60000e21f090>", distributionMethod="<IDEDistributionMethodiOSAdHoc: 0x600000a2f4e0>", team="<IDEProvisioningDisambiguatableBasicTeam: 0x600001514240; teamID='Y38XQ7EWLB', teamName='Irfan Jabbar (Individual - irfan.jabbar@yahoo.com)', teamType='Individual', username='irfan.jabbar@yahoo.com', isFreeProvisioningTeam='0'>">
	<IDEDistributionContext: 0x13c6d2ac0; archive = "<IDEArchive: 0x60000e21f090>", distributionMethod="<IDEDistributionMethodiOSAdHoc: 0x600000a2f4e0>", team="<IDEProvisioningDisambiguatableBasicTeam: 0x600001514240; teamID='Y38XQ7EWLB', teamName='Irfan Jabbar (Individual - irfan.jabbar@yahoo.com)', teamType='Individual', username='irfan.jabbar@yahoo.com', isFreeProvisioningTeam='0'>">
	<IDEDistributionContext: 0x13c455630; archive = "<IDEArchive: 0x60000e21f090>", distributionMethod="<IDEDistributionMethodiOSAdHoc: 0x600000a2f4e0>", team="(null)">
	<IDEDistributionContext: 0x13c4de7d0; archive = "<IDEArchive: 0x60000e21f090>", distributionMethod="<IDEDistributionMethodiOSAdHoc: 0x600000a2f4e0>", team="(null)">
	<IDEDistributionContext: 0x13c45dec0; archive = "<IDEArchive: 0x60000e21f090>", distributionMethod="<IDEDistributionMethodiOSAdHoc: 0x600000a2f4e0>", team="(null)">
	<IDEDistributionContext: 0x13c4f48c0; archive = "<IDEArchive: 0x60000e21f090>", distributionMethod="<IDEDistributionMethodiOSAdHoc: 0x600000a2f4e0>", team="(null)">
	<IDEDistributionContext: 0x16fdf43b0; archive = "<IDEArchive: 0x60000e21f090>", distributionMethod="(null)", team="(null)">
	<IDEDistributionContext: 0x356618c00; archive = "<IDEArchive: 0x60000e21f090>", distributionMethod="(null)", team="(null)">
</IDEDistributionProcessingPipelineContext: 0x10e868360>
2025-02-22 02:14:24 +0000  Processing step: IDEDistributionCreateDestRootStep
2025-02-22 02:14:24 +0000  Processing step: IDEDistributionCopyItemStep
2025-02-22 02:14:24 +0000  Running /usr/bin/ditto '-V' '/Users/lazulite/Library/Developer/Xcode/Archives/2025-02-22/VideoBoothTemplate 22-02-2025, 6.13 AM.xcarchive/Products/Applications/VideoBoothTemplate.app' '/var/folders/c0/szd6h2b11d3cn9msq2dd73n00000gn/T/XcodeDistPipeline.~~~Jw5uCA/Root/Payload/VideoBoothTemplate.app'
2025-02-22 02:14:24 +0000  >>> Copying /Users/lazulite/Library/Developer/Xcode/Archives/2025-02-22/VideoBoothTemplate 22-02-2025, 6.13 AM.xcarchive/Products/Applications/VideoBoothTemplate.app 
2025-02-22 02:14:24 +0000  copying file ./Step back07.png ... 
2025-02-22 02:14:24 +0000  59916 bytes for ./Step back07.png
2025-02-22 02:14:24 +0000  copying file ./Step back13.png ... 
2025-02-22 02:14:24 +0000  61189 bytes for ./Step back13.png
2025-02-22 02:14:24 +0000  copying file ./_CodeSignature/CodeResources ... 
2025-02-22 02:14:24 +0000  26423 bytes for ./_CodeSignature/CodeResources
2025-02-22 02:14:24 +0000  copying file ./VideoPreview.nib ... 
2025-02-22 02:14:24 +0000  7320 bytes for ./VideoPreview.nib
2025-02-22 02:14:24 +0000  copying file ./Step back12.png ... 
2025-02-22 02:14:24 +0000  61490 bytes for ./Step back12.png
2025-02-22 02:14:24 +0000  copying file ./Step back06.png ... 
2025-02-22 02:14:24 +0000  60082 bytes for ./Step back06.png
2025-02-22 02:14:24 +0000  copying file ./Step back10.png ... 
2025-02-22 02:14:24 +0000  59459 bytes for ./Step back10.png
2025-02-22 02:14:24 +0000  copying file ./Step back04.png ... 
2025-02-22 02:14:24 +0000  59689 bytes for ./Step back04.png
2025-02-22 02:14:24 +0000  copying file ./Step back38.png ... 
2025-02-22 02:14:24 +0000  60371 bytes for ./Step back38.png
2025-02-22 02:14:24 +0000  copying file ./Step back39.png ... 
2025-02-22 02:14:24 +0000  60551 bytes for ./Step back39.png
2025-02-22 02:14:24 +0000  copying file ./Step back05.png ... 
2025-02-22 02:14:24 +0000  60053 bytes for ./Step back05.png
2025-02-22 02:14:24 +0000  copying file ./Step back11.png ... 
2025-02-22 02:14:24 +0000  60506 bytes for ./Step back11.png
2025-02-22 02:14:24 +0000  copying file ./Step back29.png ... 
2025-02-22 02:14:24 +0000  61015 bytes for ./Step back29.png
2025-02-22 02:14:24 +0000  copying file ./Step back15.png ... 
2025-02-22 02:14:24 +0000  61659 bytes for ./Step back15.png
2025-02-22 02:14:24 +0000  copying file ./Step back01.png ... 
2025-02-22 02:14:24 +0000  59067 bytes for ./Step back01.png
2025-02-22 02:14:24 +0000  copying file ./Step back00.png ... 
2025-02-22 02:14:24 +0000  51342 bytes for ./Step back00.png
2025-02-22 02:14:24 +0000  copying file ./Step back14.png ... 
2025-02-22 02:14:24 +0000  61653 bytes for ./Step back14.png
2025-02-22 02:14:24 +0000  copying file ./Step back28.png ... 
2025-02-22 02:14:24 +0000  61860 bytes for ./Step back28.png
2025-02-22 02:14:24 +0000  copying file ./Step back02.png ... 
2025-02-22 02:14:24 +0000  59597 bytes for ./Step back02.png
2025-02-22 02:14:24 +0000  copying file ./Step back16.png ... 
2025-02-22 02:14:24 +0000  61155 bytes for ./Step back16.png
2025-02-22 02:14:24 +0000  copying file ./Step back17.png ... 
2025-02-22 02:14:24 +0000  61358 bytes for ./Step back17.png
2025-02-22 02:14:24 +0000  copying file ./Step back03.png ... 
2025-02-22 02:14:24 +0000  59734 bytes for ./Step back03.png
2025-02-22 02:14:24 +0000  copying file ./Step back64.png ... 
2025-02-22 02:14:24 +0000  59710 bytes for ./Step back64.png
2025-02-22 02:14:24 +0000  copying file ./Step back70.png ... 
2025-02-22 02:14:24 +0000  57547 bytes for ./Step back70.png
2025-02-22 02:14:24 +0000  copying file ./Step back58.png ... 
2025-02-22 02:14:24 +0000  59885 bytes for ./Step back58.png
2025-02-22 02:14:24 +0000  copying file ./StartView.nib ... 
2025-02-22 02:14:24 +0000  4520 bytes for ./StartView.nib
2025-02-22 02:14:24 +0000  copying file ./Step back59.png ... 
2025-02-22 02:14:24 +0000  59557 bytes for ./Step back59.png
2025-02-22 02:14:24 +0000  copying file ./Step back71.png ... 
2025-02-22 02:14:24 +0000  58821 bytes for ./Step back71.png
2025-02-22 02:14:24 +0000  copying file ./Step back65.png ... 
2025-02-22 02:14:24 +0000  59829 bytes for ./Step back65.png
2025-02-22 02:14:24 +0000  copying file ./Step back73.png ... 
2025-02-22 02:14:24 +0000  59578 bytes for ./Step back73.png
2025-02-22 02:14:24 +0000  copying file ./Step back67.png ... 
2025-02-22 02:14:24 +0000  59791 bytes for ./Step back67.png
2025-02-22 02:14:24 +0000  copying file ./RegistrationView.nib ... 
2025-02-22 02:14:24 +0000  9304 bytes for ./RegistrationView.nib
2025-02-22 02:14:24 +0000  copying file ./Step back66.png ... 
2025-02-22 02:14:24 +0000  59404 bytes for ./Step back66.png
2025-02-22 02:14:24 +0000  copying file ./Step back72.png ... 
2025-02-22 02:14:24 +0000  59428 bytes for ./Step back72.png
2025-02-22 02:14:24 +0000  copying file ./Step back76.png ... 
2025-02-22 02:14:24 +0000  59698 bytes for ./Step back76.png
2025-02-22 02:14:24 +0000  copying file ./Step back62.png ... 
2025-02-22 02:14:24 +0000  59336 bytes for ./Step back62.png
2025-02-22 02:14:24 +0000  copying file ./Step back89.png ... 
2025-02-22 02:14:24 +0000  59820 bytes for ./Step back89.png
2025-02-22 02:14:24 +0000  copying file ./Step back88.png ... 
2025-02-22 02:14:24 +0000  59983 bytes for ./Step back88.png
2025-02-22 02:14:24 +0000  copying file ./Step back63.png ... 
2025-02-22 02:14:24 +0000  59519 bytes for ./Step back63.png
2025-02-22 02:14:24 +0000  copying file ./Step back77.png ... 
2025-02-22 02:14:24 +0000  59927 bytes for ./Step back77.png
2025-02-22 02:14:24 +0000  copying file ./Step back49.png ... 
2025-02-22 02:14:24 +0000  59420 bytes for ./Step back49.png
2025-02-22 02:14:24 +0000  copying file ./Step back61.png ... 
2025-02-22 02:14:24 +0000  59033 bytes for ./Step back61.png
2025-02-22 02:14:24 +0000  copying file ./Step back75.png ... 
2025-02-22 02:14:24 +0000  59813 bytes for ./Step back75.png
2025-02-22 02:14:24 +0000  copying file ./Base.lproj/Main.storyboardc/HomeController.nib ... 
2025-02-22 02:14:24 +0000  1088 bytes for ./Base.lproj/Main.storyboardc/HomeController.nib
2025-02-22 02:14:24 +0000  copying file ./Base.lproj/Main.storyboardc/ViewController.nib ... 
2025-02-22 02:14:24 +0000  1060 bytes for ./Base.lproj/Main.storyboardc/ViewController.nib
2025-02-22 02:14:24 +0000  copying file ./Base.lproj/Main.storyboardc/BYZ-38-t0r-view-8bC-Xf-vdC.nib ... 
2025-02-22 02:14:24 +0000  8744 bytes for ./Base.lproj/Main.storyboardc/BYZ-38-t0r-view-8bC-Xf-vdC.nib
2025-02-22 02:14:24 +0000  copying file ./Base.lproj/Main.storyboardc/ATz-Mj-L5Q-view-3Xp-Fj-Ecc.nib ... 
2025-02-22 02:14:24 +0000  11511 bytes for ./Base.lproj/Main.storyboardc/ATz-Mj-L5Q-view-3Xp-Fj-Ecc.nib
2025-02-22 02:14:24 +0000  copying file ./Base.lproj/Main.storyboardc/Info.plist ... 
2025-02-22 02:14:24 +0000  231 bytes for ./Base.lproj/Main.storyboardc/Info.plist
2025-02-22 02:14:24 +0000  copying file ./Base.lproj/LaunchScreen.storyboardc/01J-lp-oVM-view-Ze5-6b-2t3.nib ... 
2025-02-22 02:14:24 +0000  1225 bytes for ./Base.lproj/LaunchScreen.storyboardc/01J-lp-oVM-view-Ze5-6b-2t3.nib
2025-02-22 02:14:24 +0000  copying file ./Base.lproj/LaunchScreen.storyboardc/UIViewController-01J-lp-oVM.nib ... 
2025-02-22 02:14:24 +0000  924 bytes for ./Base.lproj/LaunchScreen.storyboardc/UIViewController-01J-lp-oVM.nib
2025-02-22 02:14:24 +0000  copying file ./Base.lproj/LaunchScreen.storyboardc/Info.plist ... 
2025-02-22 02:14:24 +0000  258 bytes for ./Base.lproj/LaunchScreen.storyboardc/Info.plist
2025-02-22 02:14:24 +0000  copying file ./Step back74.png ... 
2025-02-22 02:14:24 +0000  59723 bytes for ./Step back74.png
2025-02-22 02:14:24 +0000  copying file ./Step back60.png ... 
2025-02-22 02:14:24 +0000  57551 bytes for ./Step back60.png
2025-02-22 02:14:24 +0000  copying file ./Step back48.png ... 
2025-02-22 02:14:24 +0000  60138 bytes for ./Step back48.png
2025-02-22 02:14:24 +0000  copying file ./Step back45.png ... 
2025-02-22 02:14:24 +0000  60241 bytes for ./Step back45.png
2025-02-22 02:14:24 +0000  copying file ./Step back51.png ... 
2025-02-22 02:14:24 +0000  59665 bytes for ./Step back51.png
2025-02-22 02:14:24 +0000  copying file ./Step back79.png ... 
2025-02-22 02:14:24 +0000  59538 bytes for ./Step back79.png
2025-02-22 02:14:24 +0000  copying file ./Step back86.png ... 
2025-02-22 02:14:24 +0000  59668 bytes for ./Step back86.png
2025-02-22 02:14:24 +0000  copying file ./CountDownView.nib ... 
2025-02-22 02:14:24 +0000  2847 bytes for ./CountDownView.nib
2025-02-22 02:14:24 +0000  copying file ./Step back87.png ... 
2025-02-22 02:14:24 +0000  59795 bytes for ./Step back87.png
2025-02-22 02:14:24 +0000  copying file ./Step back78.png ... 
2025-02-22 02:14:24 +0000  59649 bytes for ./Step back78.png
2025-02-22 02:14:24 +0000  copying file ./Step back50.png ... 
2025-02-22 02:14:24 +0000  57792 bytes for ./Step back50.png
2025-02-22 02:14:24 +0000  copying file ./Step back44.png ... 
2025-02-22 02:14:24 +0000  60206 bytes for ./Step back44.png
2025-02-22 02:14:24 +0000  copying file ./Step back52.png ... 
2025-02-22 02:14:24 +0000  60111 bytes for ./Step back52.png
2025-02-22 02:14:24 +0000  copying file ./Step back46.png ... 
2025-02-22 02:14:24 +0000  60194 bytes for ./Step back46.png
2025-02-22 02:14:24 +0000  copying file ./Step back85.png ... 
2025-02-22 02:14:24 +0000  59707 bytes for ./Step back85.png
2025-02-22 02:14:24 +0000  copying file ./Assets.car ... 
2025-02-22 02:14:24 +0000  349583 bytes for ./Assets.car
2025-02-22 02:14:24 +0000  copying file ./Step back84.png ... 
2025-02-22 02:14:24 +0000  59547 bytes for ./Step back84.png
2025-02-22 02:14:24 +0000  copying file ./Step back90.png ... 
2025-02-22 02:14:24 +0000  57419 bytes for ./Step back90.png
2025-02-22 02:14:24 +0000  copying file ./Step back47.png ... 
2025-02-22 02:14:24 +0000  59700 bytes for ./Step back47.png
2025-02-22 02:14:24 +0000  copying file ./Step back53.png ... 
2025-02-22 02:14:24 +0000  59925 bytes for ./Step back53.png
2025-02-22 02:14:24 +0000  copying file ./Step back57.png ... 
2025-02-22 02:14:24 +0000  59781 bytes for ./Step back57.png
2025-02-22 02:14:24 +0000  copying file ./Step back43.png ... 
2025-02-22 02:14:24 +0000  60394 bytes for ./Step back43.png
2025-02-22 02:14:24 +0000  copying file ./TheMixPlain.ttf ... 
2025-02-22 02:14:24 +0000  106205 bytes for ./TheMixPlain.ttf
2025-02-22 02:14:24 +0000  copying file ./Step back80.png ... 
2025-02-22 02:14:24 +0000  57740 bytes for ./Step back80.png
2025-02-22 02:14:24 +0000  copying file ./UAEU Idle Screen.mp4 ... 
2025-02-22 02:14:24 +0000  12657073 bytes for ./UAEU Idle Screen.mp4
2025-02-22 02:14:24 +0000  copying file ./Step back81.png ... 
59226 bytes for ./Step back81.png
copying file ./Step back42.png ... 
59847 bytes for ./Step back42.png
copying file ./Step back56.png ... 
2025-02-22 02:14:24 +0000  60107 bytes for ./Step back56.png
2025-02-22 02:14:24 +0000  copying file ./Step back68.png ... 
2025-02-22 02:14:24 +0000  59947 bytes for ./Step back68.png
2025-02-22 02:14:24 +0000  copying file ./Step back40.png ... 
2025-02-22 02:14:24 +0000  58376 bytes for ./Step back40.png
2025-02-22 02:14:24 +0000  copying file ./Step back54.png ... 
2025-02-22 02:14:24 +0000  59581 bytes for ./Step back54.png
2025-02-22 02:14:24 +0000  copying file ./Step back83.png ... 
2025-02-22 02:14:24 +0000  59112 bytes for ./Step back83.png
2025-02-22 02:14:24 +0000  copying file ./Step back82.png ... 
2025-02-22 02:14:24 +0000  59548 bytes for ./Step back82.png
2025-02-22 02:14:24 +0000  copying file ./Step back55.png ... 
2025-02-22 02:14:24 +0000  60339 bytes for ./Step back55.png
2025-02-22 02:14:24 +0000  copying file ./Step back41.png ... 
2025-02-22 02:14:24 +0000  59793 bytes for ./Step back41.png
2025-02-22 02:14:24 +0000  copying file ./Step back69.png ... 
2025-02-22 02:14:24 +0000  59773 bytes for ./Step back69.png
2025-02-22 02:14:24 +0000  copying file ./Step back26.png ... 
2025-02-22 02:14:24 +0000  62017 bytes for ./Step back26.png
2025-02-22 02:14:24 +0000  copying file ./Step back32.png ... 
2025-02-22 02:14:24 +0000  61127 bytes for ./Step back32.png
2025-02-22 02:14:24 +0000  copying file ./Step back33.png ... 
2025-02-22 02:14:24 +0000  61172 bytes for ./Step back33.png
2025-02-22 02:14:24 +0000  copying file ./Step back27.png ... 
2025-02-22 02:14:24 +0000  62537 bytes for ./Step back27.png
2025-02-22 02:14:24 +0000  copying file ./Step back31.png ... 
2025-02-22 02:14:24 +0000  60844 bytes for ./Step back31.png
2025-02-22 02:14:24 +0000  copying file ./Step back25.png ... 
2025-02-22 02:14:24 +0000  62177 bytes for ./Step back25.png
2025-02-22 02:14:24 +0000  copying file ./Step back19.png ... 
2025-02-22 02:14:24 +0000  60593 bytes for ./Step back19.png
2025-02-22 02:14:24 +0000  copying file ./QRView.nib ... 
2025-02-22 02:14:24 +0000  6275 bytes for ./QRView.nib
2025-02-22 02:14:24 +0000  copying file ./embedded.mobileprovision ... 
2025-02-22 02:14:24 +0000  24541 bytes for ./embedded.mobileprovision
2025-02-22 02:14:24 +0000  copying file ./Step back18.png ... 
2025-02-22 02:14:24 +0000  61087 bytes for ./Step back18.png
2025-02-22 02:14:24 +0000  copying file ./Step back24.png ... 
2025-02-22 02:14:24 +0000  61995 bytes for ./Step back24.png
2025-02-22 02:14:24 +0000  copying file ./Step back30.png ... 
2025-02-22 02:14:24 +0000  58993 bytes for ./Step back30.png
2025-02-22 02:14:24 +0000  copying file ./Step back08.png ... 
2025-02-22 02:14:24 +0000  59436 bytes for ./Step back08.png
2025-02-22 02:14:24 +0000  copying file ./Step back34.png ... 
2025-02-22 02:14:24 +0000  60931 bytes for ./Step back34.png
2025-02-22 02:14:24 +0000  copying file ./Step back20.png ... 
2025-02-22 02:14:24 +0000  60488 bytes for ./Step back20.png
2025-02-22 02:14:24 +0000  copying file ./2.png ... 
2025-02-22 02:14:24 +0000  2774 bytes for ./2.png
2025-02-22 02:14:24 +0000  copying file ./3.png ... 
2025-02-22 02:14:24 +0000  1285 bytes for ./3.png
2025-02-22 02:14:24 +0000  copying file ./Step back21.png ... 
2025-02-22 02:14:24 +0000  61622 bytes for ./Step back21.png
2025-02-22 02:14:24 +0000  copying file ./Step back35.png ... 
2025-02-22 02:14:24 +0000  60645 bytes for ./Step back35.png
2025-02-22 02:14:24 +0000  copying file ./Step back09.png ... 
2025-02-22 02:14:24 +0000  59430 bytes for ./Step back09.png
2025-02-22 02:14:24 +0000  copying file ./Info.plist ... 
2025-02-22 02:14:24 +0000  1846 bytes for ./Info.plist
2025-02-22 02:14:24 +0000  copying file ./Step back23.png ... 
2025-02-22 02:14:24 +0000  62309 bytes for ./Step back23.png
2025-02-22 02:14:24 +0000  copying file ./Step back37.png ... 
2025-02-22 02:14:24 +0000  60223 bytes for ./Step back37.png
2025-02-22 02:14:24 +0000  copying file ./VideoBoothTemplate ... 
2025-02-22 02:14:24 +0000  1683632 bytes for ./VideoBoothTemplate
2025-02-22 02:14:24 +0000  copying file ./1.png ... 
2025-02-22 02:14:24 +0000  544 bytes for ./1.png
2025-02-22 02:14:24 +0000  copying file ./PkgInfo ... 
2025-02-22 02:14:24 +0000  8 bytes for ./PkgInfo
2025-02-22 02:14:24 +0000  copying file ./Step back36.png ... 
2025-02-22 02:14:24 +0000  60683 bytes for ./Step back36.png
2025-02-22 02:14:24 +0000  copying file ./Step back22.png ... 
2025-02-22 02:14:24 +0000  61756 bytes for ./Step back22.png
2025-02-22 02:14:24 +0000  /usr/bin/ditto exited with 0
2025-02-22 02:14:24 +0000  Processing step: IDEDistributionEmbedProfileStep
2025-02-22 02:14:24 +0000  Processing step: IDEDistributionInfoPlistStep
2025-02-22 02:14:24 +0000  Skipping step: IDEDistributionInfoPlistStep because it said so
2025-02-22 02:14:24 +0000  Processing step: IDEDistributionAppThinningPlistStep
2025-02-22 02:14:24 +0000  Skipping step: IDEDistributionAppThinningPlistStep because it said so
2025-02-22 02:14:24 +0000  Processing step: IDEDistributionSymbolsStep
2025-02-22 02:14:24 +0000  Skipping step: IDEDistributionSymbolsStep because it said so
2025-02-22 02:14:24 +0000  Processing step: IDEDistributionAppThinningStep
2025-02-22 02:14:24 +0000  Skipping step: IDEDistributionAppThinningStep because it said so
2025-02-22 02:14:24 +0000  Processing step: IDEDistributionArchThinningStep
2025-02-22 02:14:24 +0000  Item /Users/lazulite/Library/Developer/Xcode/Archives/2025-02-22/VideoBoothTemplate 22-02-2025, 6.13 AM.xcarchive/Products/Applications/VideoBoothTemplate.app doesn't have the entitlement com.apple.developer.web-browser-engine.host enabled, returning ["arm64e"]
2025-02-22 02:14:24 +0000  Archs to thin for item /Users/lazulite/Library/Developer/Xcode/Archives/2025-02-22/VideoBoothTemplate 22-02-2025, 6.13 AM.xcarchive/Products/Applications/VideoBoothTemplate.app are ["arm64e"]
2025-02-22 02:14:24 +0000  Running /Applications/Xcode.app/Contents/Developer/Toolchains/XcodeDefault.xctoolchain/usr/bin/lipo '/var/folders/c0/szd6h2b11d3cn9msq2dd73n00000gn/T/XcodeDistPipeline.~~~Jw5uCA/Root/Payload/VideoBoothTemplate.app/VideoBoothTemplate' '-verify_arch' 'arm64e'
2025-02-22 02:14:24 +0000  /Applications/Xcode.app/Contents/Developer/Toolchains/XcodeDefault.xctoolchain/usr/bin/lipo exited with 1
2025-02-22 02:14:24 +0000  Skipping architecture thinning for item "VideoBoothTemplate" because arch "arm64e" wasn't found
2025-02-22 02:14:24 +0000  Processing step: IDEDistributionODRStep
2025-02-22 02:14:24 +0000  Processing step: IDEDistributionStripXattrsStep
2025-02-22 02:14:24 +0000  Skipping stripping extended attributes because the codesign step will strip them.
2025-02-22 02:14:24 +0000  Processing step: IDEDistributionCodesignStep
2025-02-22 02:14:24 +0000  Entitlements for <IDEDistributionItem: 0x600016d32dc0; bundleID='com.lazulite.VideoBoothTemplate', path='<DVTFilePath:0x60000e261b90:'/Users/lazulite/Library/Developer/Xcode/Archives/2025-02-22/VideoBoothTemplate 22-02-2025, 6.13 AM.xcarchive/Products/Applications/VideoBoothTemplate.app'>', codeSigningInfo='<_DVTCodeSigningInformation_Path: 0x60001696db80; isSigned='1', isAdHocSigned='0', signingCertificate='<DVTSigningCertificate: 0x600007ca9140; name='Apple Development: Irfan Jabbar (ZSCLA2AUD9)', hash='E282CA4227CB40DCE7957AE626C51B8B0D7ECB45', serialNumber='21F82D36F8619F00F31712AB36112479', certificateKinds='(
    "1.2.840.113635.100.6.1.12",
    "1.2.840.113635.100.6.1.2"
), issueDate='2025-01-06 11:51:18 +0000''>', entitlements='{
    "application-identifier" = "Y38XQ7EWLB.com.lazulite.VideoBoothTemplate";
    "com.apple.developer.team-identifier" = Y38XQ7EWLB;
    "get-task-allow" = 1;
}', teamID='Y38XQ7EWLB', identifier='com.lazulite.VideoBoothTemplate', executablePath='<DVTFilePath:0x60000a03e840:'/Users/lazulite/Library/Developer/Xcode/Archives/2025-02-22/VideoBoothTemplate 22-02-2025, 6.13 AM.xcarchive/Products/Applications/VideoBoothTemplate.app/VideoBoothTemplate'>', hardenedRuntime='0'>'>: {
    "application-identifier" = "Y38XQ7EWLB.com.lazulite.VideoBoothTemplate";
    "com.apple.developer.team-identifier" = Y38XQ7EWLB;
    "get-task-allow" = 0;
}
2025-02-22 02:14:24 +0000  Associated App Clip Identifiers Filter: Skipping because "com.apple.developer.associated-appclip-app-identifiers" is not present
2025-02-22 02:14:24 +0000  Entitlements for <IDEDistributionItem: 0x600016d32dc0; bundleID='com.lazulite.VideoBoothTemplate', path='<DVTFilePath:0x60000e261b90:'/Users/lazulite/Library/Developer/Xcode/Archives/2025-02-22/VideoBoothTemplate 22-02-2025, 6.13 AM.xcarchive/Products/Applications/VideoBoothTemplate.app'>', codeSigningInfo='<_DVTCodeSigningInformation_Path: 0x60001696db80; isSigned='1', isAdHocSigned='0', signingCertificate='<DVTSigningCertificate: 0x600007ca9800; name='Apple Development: Irfan Jabbar (ZSCLA2AUD9)', hash='E282CA4227CB40DCE7957AE626C51B8B0D7ECB45', serialNumber='21F82D36F8619F00F31712AB36112479', certificateKinds='(
    "1.2.840.113635.100.6.1.12",
    "1.2.840.113635.100.6.1.2"
), issueDate='2025-01-06 11:51:18 +0000''>', entitlements='{
    "application-identifier" = "Y38XQ7EWLB.com.lazulite.VideoBoothTemplate";
    "com.apple.developer.team-identifier" = Y38XQ7EWLB;
    "get-task-allow" = 1;
}', teamID='Y38XQ7EWLB', identifier='com.lazulite.VideoBoothTemplate', executablePath='<DVTFilePath:0x60000a03e840:'/Users/lazulite/Library/Developer/Xcode/Archives/2025-02-22/VideoBoothTemplate 22-02-2025, 6.13 AM.xcarchive/Products/Applications/VideoBoothTemplate.app/VideoBoothTemplate'>', hardenedRuntime='0'>'> are: {
    "application-identifier" = "Y38XQ7EWLB.com.lazulite.VideoBoothTemplate";
    "com.apple.developer.team-identifier" = Y38XQ7EWLB;
    "get-task-allow" = 0;
}
2025-02-22 02:14:24 +0000  Writing entitlements for <IDEDistributionItem: 0x600016d32dc0; bundleID='com.lazulite.VideoBoothTemplate', path='<DVTFilePath:0x60000e261b90:'/Users/lazulite/Library/Developer/Xcode/Archives/2025-02-22/VideoBoothTemplate 22-02-2025, 6.13 AM.xcarchive/Products/Applications/VideoBoothTemplate.app'>', codeSigningInfo='<_DVTCodeSigningInformation_Path: 0x60001696db80; isSigned='1', isAdHocSigned='0', signingCertificate='<DVTSigningCertificate: 0x600007ca9740; name='Apple Development: Irfan Jabbar (ZSCLA2AUD9)', hash='E282CA4227CB40DCE7957AE626C51B8B0D7ECB45', serialNumber='21F82D36F8619F00F31712AB36112479', certificateKinds='(
    "1.2.840.113635.100.6.1.12",
    "1.2.840.113635.100.6.1.2"
), issueDate='2025-01-06 11:51:18 +0000''>', entitlements='{
    "application-identifier" = "Y38XQ7EWLB.com.lazulite.VideoBoothTemplate";
    "com.apple.developer.team-identifier" = Y38XQ7EWLB;
    "get-task-allow" = 1;
}', teamID='Y38XQ7EWLB', identifier='com.lazulite.VideoBoothTemplate', executablePath='<DVTFilePath:0x60000a03e840:'/Users/lazulite/Library/Developer/Xcode/Archives/2025-02-22/VideoBoothTemplate 22-02-2025, 6.13 AM.xcarchive/Products/Applications/VideoBoothTemplate.app/VideoBoothTemplate'>', hardenedRuntime='0'>'> to: /var/folders/c0/szd6h2b11d3cn9msq2dd73n00000gn/T/XcodeDistPipeline.~~~Jw5uCA/entitlements~~~jiaHGp
2025-02-22 02:14:24 +0000  invoking codesign: <NSConcreteTask: 0x600016909360; launchPath='/usr/bin/codesign', arguments='(
    "-f",
    "-s",
    DB6B39233707635154ACC0E6169F0E79D2B85328,
    "--entitlements",
    "/var/folders/c0/szd6h2b11d3cn9msq2dd73n00000gn/T/XcodeDistPipeline.~~~Jw5uCA/entitlements~~~jiaHGp",
    "--preserve-metadata=identifier,flags,runtime",
    "--generate-entitlement-der",
    "--strip-disallowed-xattrs",
    "-vvv",
    "/var/folders/c0/szd6h2b11d3cn9msq2dd73n00000gn/T/XcodeDistPipeline.~~~Jw5uCA/Root/Payload/VideoBoothTemplate.app"
)'>
2025-02-22 02:14:24 +0000  codesign output: /var/folders/c0/szd6h2b11d3cn9msq2dd73n00000gn/T/XcodeDistPipeline.~~~Jw5uCA/Root/Payload/VideoBoothTemplate.app: replacing existing signature
/var/folders/c0/szd6h2b11d3cn9msq2dd73n00000gn/T/XcodeDistPipeline.~~~Jw5uCA/Root/Payload/VideoBoothTemplate.app: signed app bundle with Mach-O thin (arm64) [com.lazulite.VideoBoothTemplate]
2025-02-22 02:14:24 +0000  Processing step: IDEDistributionZipODRItemStep
2025-02-22 02:14:24 +0000  Skipping step: IDEDistributionZipODRItemStep because it said so
2025-02-22 02:14:24 +0000  Processing step: IDEDistributionCreateIPAStep
2025-02-22 02:14:24 +0000  Running /usr/bin/ditto '-V' '-c' '-k' '--norsrc' '/var/folders/c0/szd6h2b11d3cn9msq2dd73n00000gn/T/XcodeDistPipeline.~~~Jw5uCA/Root' '/var/folders/c0/szd6h2b11d3cn9msq2dd73n00000gn/T/XcodeDistPipeline.~~~Jw5uCA/Packages/VideoBoothTemplate.ipa'
2025-02-22 02:14:24 +0000  >>> Copying /var/folders/c0/szd6h2b11d3cn9msq2dd73n00000gn/T/XcodeDistPipeline.~~~Jw5uCA/Root 
2025-02-22 02:14:24 +0000  copying file ./Payload/VideoBoothTemplate.app/Step back07.png ... 
2025-02-22 02:14:24 +0000  59916 bytes for ./Payload/VideoBoothTemplate.app/Step back07.png
2025-02-22 02:14:24 +0000  copying file ./Payload/VideoBoothTemplate.app/Step back13.png ... 
2025-02-22 02:14:24 +0000  61189 bytes for ./Payload/VideoBoothTemplate.app/Step back13.png
2025-02-22 02:14:24 +0000  copying file ./Payload/VideoBoothTemplate.app/_CodeSignature/CodeResources ... 
2025-02-22 02:14:24 +0000  26423 bytes for ./Payload/VideoBoothTemplate.app/_CodeSignature/CodeResources
2025-02-22 02:14:24 +0000  copying file ./Payload/VideoBoothTemplate.app/VideoPreview.nib ... 
2025-02-22 02:14:24 +0000  7320 bytes for ./Payload/VideoBoothTemplate.app/VideoPreview.nib
2025-02-22 02:14:24 +0000  copying file ./Payload/VideoBoothTemplate.app/Step back12.png ... 
2025-02-22 02:14:24 +0000  61490 bytes for ./Payload/VideoBoothTemplate.app/Step back12.png
2025-02-22 02:14:24 +0000  copying file ./Payload/VideoBoothTemplate.app/Step back06.png ... 
2025-02-22 02:14:24 +0000  60082 bytes for ./Payload/VideoBoothTemplate.app/Step back06.png
2025-02-22 02:14:24 +0000  copying file ./Payload/VideoBoothTemplate.app/Step back10.png ... 
2025-02-22 02:14:24 +0000  59459 bytes for ./Payload/VideoBoothTemplate.app/Step back10.png
2025-02-22 02:14:24 +0000  copying file ./Payload/VideoBoothTemplate.app/Step back04.png ... 
2025-02-22 02:14:24 +0000  59689 bytes for ./Payload/VideoBoothTemplate.app/Step back04.png
2025-02-22 02:14:24 +0000  copying file ./Payload/VideoBoothTemplate.app/Step back38.png ... 
2025-02-22 02:14:24 +0000  60371 bytes for ./Payload/VideoBoothTemplate.app/Step back38.png
2025-02-22 02:14:24 +0000  copying file ./Payload/VideoBoothTemplate.app/Step back39.png ... 
2025-02-22 02:14:24 +0000  60551 bytes for ./Payload/VideoBoothTemplate.app/Step back39.png
2025-02-22 02:14:24 +0000  copying file ./Payload/VideoBoothTemplate.app/Step back05.png ... 
2025-02-22 02:14:24 +0000  60053 bytes for ./Payload/VideoBoothTemplate.app/Step back05.png
2025-02-22 02:14:24 +0000  copying file ./Payload/VideoBoothTemplate.app/Step back11.png ... 
2025-02-22 02:14:24 +0000  60506 bytes for ./Payload/VideoBoothTemplate.app/Step back11.png
2025-02-22 02:14:24 +0000  copying file ./Payload/VideoBoothTemplate.app/Step back29.png ... 
2025-02-22 02:14:24 +0000  61015 bytes for ./Payload/VideoBoothTemplate.app/Step back29.png
2025-02-22 02:14:24 +0000  copying file ./Payload/VideoBoothTemplate.app/Step back15.png ... 
2025-02-22 02:14:24 +0000  61659 bytes for ./Payload/VideoBoothTemplate.app/Step back15.png
2025-02-22 02:14:24 +0000  copying file ./Payload/VideoBoothTemplate.app/Step back01.png ... 
2025-02-22 02:14:24 +0000  59067 bytes for ./Payload/VideoBoothTemplate.app/Step back01.png
2025-02-22 02:14:24 +0000  copying file ./Payload/VideoBoothTemplate.app/Step back00.png ... 
2025-02-22 02:14:24 +0000  51342 bytes for ./Payload/VideoBoothTemplate.app/Step back00.png
2025-02-22 02:14:24 +0000  copying file ./Payload/VideoBoothTemplate.app/Step back14.png ... 
2025-02-22 02:14:24 +0000  61653 bytes for ./Payload/VideoBoothTemplate.app/Step back14.png
2025-02-22 02:14:24 +0000  copying file ./Payload/VideoBoothTemplate.app/Step back28.png ... 
2025-02-22 02:14:24 +0000  61860 bytes for ./Payload/VideoBoothTemplate.app/Step back28.png
2025-02-22 02:14:24 +0000  copying file ./Payload/VideoBoothTemplate.app/Step back02.png ... 
2025-02-22 02:14:24 +0000  59597 bytes for ./Payload/VideoBoothTemplate.app/Step back02.png
2025-02-22 02:14:24 +0000  copying file ./Payload/VideoBoothTemplate.app/Step back16.png ... 
2025-02-22 02:14:24 +0000  61155 bytes for ./Payload/VideoBoothTemplate.app/Step back16.png
2025-02-22 02:14:24 +0000  copying file ./Payload/VideoBoothTemplate.app/Step back17.png ... 
2025-02-22 02:14:24 +0000  61358 bytes for ./Payload/VideoBoothTemplate.app/Step back17.png
2025-02-22 02:14:24 +0000  copying file ./Payload/VideoBoothTemplate.app/Step back03.png ... 
2025-02-22 02:14:24 +0000  59734 bytes for ./Payload/VideoBoothTemplate.app/Step back03.png
2025-02-22 02:14:24 +0000  copying file ./Payload/VideoBoothTemplate.app/Step back64.png ... 
2025-02-22 02:14:24 +0000  59710 bytes for ./Payload/VideoBoothTemplate.app/Step back64.png
2025-02-22 02:14:24 +0000  copying file ./Payload/VideoBoothTemplate.app/Step back70.png ... 
2025-02-22 02:14:24 +0000  57547 bytes for ./Payload/VideoBoothTemplate.app/Step back70.png
2025-02-22 02:14:24 +0000  copying file ./Payload/VideoBoothTemplate.app/Step back58.png ... 
2025-02-22 02:14:24 +0000  59885 bytes for ./Payload/VideoBoothTemplate.app/Step back58.png
2025-02-22 02:14:24 +0000  copying file ./Payload/VideoBoothTemplate.app/StartView.nib ... 
2025-02-22 02:14:24 +0000  4520 bytes for ./Payload/VideoBoothTemplate.app/StartView.nib
2025-02-22 02:14:24 +0000  copying file ./Payload/VideoBoothTemplate.app/Step back59.png ... 
2025-02-22 02:14:24 +0000  59557 bytes for ./Payload/VideoBoothTemplate.app/Step back59.png
2025-02-22 02:14:24 +0000  copying file ./Payload/VideoBoothTemplate.app/Step back71.png ... 
2025-02-22 02:14:24 +0000  58821 bytes for ./Payload/VideoBoothTemplate.app/Step back71.png
2025-02-22 02:14:24 +0000  copying file ./Payload/VideoBoothTemplate.app/Step back65.png ... 
2025-02-22 02:14:24 +0000  59829 bytes for ./Payload/VideoBoothTemplate.app/Step back65.png
2025-02-22 02:14:24 +0000  copying file ./Payload/VideoBoothTemplate.app/Step back73.png ... 
2025-02-22 02:14:24 +0000  59578 bytes for ./Payload/VideoBoothTemplate.app/Step back73.png
2025-02-22 02:14:24 +0000  copying file ./Payload/VideoBoothTemplate.app/Step back67.png ... 
2025-02-22 02:14:24 +0000  59791 bytes for ./Payload/VideoBoothTemplate.app/Step back67.png
2025-02-22 02:14:24 +0000  copying file ./Payload/VideoBoothTemplate.app/RegistrationView.nib ... 
2025-02-22 02:14:24 +0000  9304 bytes for ./Payload/VideoBoothTemplate.app/RegistrationView.nib
2025-02-22 02:14:24 +0000  copying file ./Payload/VideoBoothTemplate.app/Step back66.png ... 
2025-02-22 02:14:24 +0000  59404 bytes for ./Payload/VideoBoothTemplate.app/Step back66.png
2025-02-22 02:14:24 +0000  copying file ./Payload/VideoBoothTemplate.app/Step back72.png ... 
2025-02-22 02:14:24 +0000  59428 bytes for ./Payload/VideoBoothTemplate.app/Step back72.png
2025-02-22 02:14:24 +0000  copying file ./Payload/VideoBoothTemplate.app/Step back76.png ... 
2025-02-22 02:14:24 +0000  59698 bytes for ./Payload/VideoBoothTemplate.app/Step back76.png
2025-02-22 02:14:24 +0000  copying file ./Payload/VideoBoothTemplate.app/Step back62.png ... 
2025-02-22 02:14:24 +0000  59336 bytes for ./Payload/VideoBoothTemplate.app/Step back62.png
2025-02-22 02:14:24 +0000  copying file ./Payload/VideoBoothTemplate.app/Step back89.png ... 
2025-02-22 02:14:24 +0000  59820 bytes for ./Payload/VideoBoothTemplate.app/Step back89.png
2025-02-22 02:14:24 +0000  copying file ./Payload/VideoBoothTemplate.app/Step back88.png ... 
2025-02-22 02:14:24 +0000  59983 bytes for ./Payload/VideoBoothTemplate.app/Step back88.png
2025-02-22 02:14:24 +0000  copying file ./Payload/VideoBoothTemplate.app/Step back63.png ... 
2025-02-22 02:14:24 +0000  59519 bytes for ./Payload/VideoBoothTemplate.app/Step back63.png
2025-02-22 02:14:24 +0000  copying file ./Payload/VideoBoothTemplate.app/Step back77.png ... 
2025-02-22 02:14:24 +0000  59927 bytes for ./Payload/VideoBoothTemplate.app/Step back77.png
2025-02-22 02:14:24 +0000  copying file ./Payload/VideoBoothTemplate.app/Step back49.png ... 
2025-02-22 02:14:24 +0000  59420 bytes for ./Payload/VideoBoothTemplate.app/Step back49.png
2025-02-22 02:14:24 +0000  copying file ./Payload/VideoBoothTemplate.app/Step back61.png ... 
2025-02-22 02:14:24 +0000  59033 bytes for ./Payload/VideoBoothTemplate.app/Step back61.png
2025-02-22 02:14:24 +0000  copying file ./Payload/VideoBoothTemplate.app/Step back75.png ... 
2025-02-22 02:14:24 +0000  59813 bytes for ./Payload/VideoBoothTemplate.app/Step back75.png
2025-02-22 02:14:24 +0000  copying file ./Payload/VideoBoothTemplate.app/Base.lproj/Main.storyboardc/HomeController.nib ... 
2025-02-22 02:14:24 +0000  1088 bytes for ./Payload/VideoBoothTemplate.app/Base.lproj/Main.storyboardc/HomeController.nib
2025-02-22 02:14:24 +0000  copying file ./Payload/VideoBoothTemplate.app/Base.lproj/Main.storyboardc/ViewController.nib ... 
2025-02-22 02:14:24 +0000  1060 bytes for ./Payload/VideoBoothTemplate.app/Base.lproj/Main.storyboardc/ViewController.nib
2025-02-22 02:14:24 +0000  copying file ./Payload/VideoBoothTemplate.app/Base.lproj/Main.storyboardc/BYZ-38-t0r-view-8bC-Xf-vdC.nib ... 
2025-02-22 02:14:24 +0000  8744 bytes for ./Payload/VideoBoothTemplate.app/Base.lproj/Main.storyboardc/BYZ-38-t0r-view-8bC-Xf-vdC.nib
2025-02-22 02:14:24 +0000  copying file ./Payload/VideoBoothTemplate.app/Base.lproj/Main.storyboardc/ATz-Mj-L5Q-view-3Xp-Fj-Ecc.nib ... 
2025-02-22 02:14:24 +0000  11511 bytes for ./Payload/VideoBoothTemplate.app/Base.lproj/Main.storyboardc/ATz-Mj-L5Q-view-3Xp-Fj-Ecc.nib
2025-02-22 02:14:24 +0000  copying file ./Payload/VideoBoothTemplate.app/Base.lproj/Main.storyboardc/Info.plist ... 
2025-02-22 02:14:24 +0000  231 bytes for ./Payload/VideoBoothTemplate.app/Base.lproj/Main.storyboardc/Info.plist
2025-02-22 02:14:24 +0000  copying file ./Payload/VideoBoothTemplate.app/Base.lproj/LaunchScreen.storyboardc/01J-lp-oVM-view-Ze5-6b-2t3.nib ... 
2025-02-22 02:14:24 +0000  1225 bytes for ./Payload/VideoBoothTemplate.app/Base.lproj/LaunchScreen.storyboardc/01J-lp-oVM-view-Ze5-6b-2t3.nib
2025-02-22 02:14:24 +0000  copying file ./Payload/VideoBoothTemplate.app/Base.lproj/LaunchScreen.storyboardc/UIViewController-01J-lp-oVM.nib ... 
2025-02-22 02:14:24 +0000  924 bytes for ./Payload/VideoBoothTemplate.app/Base.lproj/LaunchScreen.storyboardc/UIViewController-01J-lp-oVM.nib
2025-02-22 02:14:24 +0000  copying file ./Payload/VideoBoothTemplate.app/Base.lproj/LaunchScreen.storyboardc/Info.plist ... 
2025-02-22 02:14:24 +0000  258 bytes for ./Payload/VideoBoothTemplate.app/Base.lproj/LaunchScreen.storyboardc/Info.plist
2025-02-22 02:14:24 +0000  copying file ./Payload/VideoBoothTemplate.app/Step back74.png ... 
2025-02-22 02:14:24 +0000  59723 bytes for ./Payload/VideoBoothTemplate.app/Step back74.png
2025-02-22 02:14:24 +0000  copying file ./Payload/VideoBoothTemplate.app/Step back60.png ... 
2025-02-22 02:14:24 +0000  57551 bytes for ./Payload/VideoBoothTemplate.app/Step back60.png
2025-02-22 02:14:24 +0000  copying file ./Payload/VideoBoothTemplate.app/Step back48.png ... 
2025-02-22 02:14:24 +0000  60138 bytes for ./Payload/VideoBoothTemplate.app/Step back48.png
2025-02-22 02:14:24 +0000  copying file ./Payload/VideoBoothTemplate.app/Step back45.png ... 
2025-02-22 02:14:24 +0000  60241 bytes for ./Payload/VideoBoothTemplate.app/Step back45.png
2025-02-22 02:14:24 +0000  copying file ./Payload/VideoBoothTemplate.app/Step back51.png ... 
2025-02-22 02:14:24 +0000  59665 bytes for ./Payload/VideoBoothTemplate.app/Step back51.png
2025-02-22 02:14:24 +0000  copying file ./Payload/VideoBoothTemplate.app/Step back79.png ... 
2025-02-22 02:14:24 +0000  59538 bytes for ./Payload/VideoBoothTemplate.app/Step back79.png
2025-02-22 02:14:24 +0000  copying file ./Payload/VideoBoothTemplate.app/Step back86.png ... 
2025-02-22 02:14:24 +0000  59668 bytes for ./Payload/VideoBoothTemplate.app/Step back86.png
2025-02-22 02:14:24 +0000  copying file ./Payload/VideoBoothTemplate.app/CountDownView.nib ... 
2025-02-22 02:14:24 +0000  2847 bytes for ./Payload/VideoBoothTemplate.app/CountDownView.nib
2025-02-22 02:14:24 +0000  copying file ./Payload/VideoBoothTemplate.app/Step back87.png ... 
2025-02-22 02:14:24 +0000  59795 bytes for ./Payload/VideoBoothTemplate.app/Step back87.png
2025-02-22 02:14:24 +0000  copying file ./Payload/VideoBoothTemplate.app/Step back78.png ... 
2025-02-22 02:14:24 +0000  59649 bytes for ./Payload/VideoBoothTemplate.app/Step back78.png
2025-02-22 02:14:24 +0000  copying file ./Payload/VideoBoothTemplate.app/Step back50.png ... 
2025-02-22 02:14:24 +0000  57792 bytes for ./Payload/VideoBoothTemplate.app/Step back50.png
2025-02-22 02:14:24 +0000  copying file ./Payload/VideoBoothTemplate.app/Step back44.png ... 
2025-02-22 02:14:24 +0000  60206 bytes for ./Payload/VideoBoothTemplate.app/Step back44.png
2025-02-22 02:14:24 +0000  copying file ./Payload/VideoBoothTemplate.app/Step back52.png ... 
2025-02-22 02:14:24 +0000  60111 bytes for ./Payload/VideoBoothTemplate.app/Step back52.png
2025-02-22 02:14:24 +0000  copying file ./Payload/VideoBoothTemplate.app/Step back46.png ... 
2025-02-22 02:14:24 +0000  60194 bytes for ./Payload/VideoBoothTemplate.app/Step back46.png
2025-02-22 02:14:24 +0000  copying file ./Payload/VideoBoothTemplate.app/Step back85.png ... 
2025-02-22 02:14:24 +0000  59707 bytes for ./Payload/VideoBoothTemplate.app/Step back85.png
2025-02-22 02:14:24 +0000  copying file ./Payload/VideoBoothTemplate.app/Assets.car ... 
2025-02-22 02:14:24 +0000  349583 bytes for ./Payload/VideoBoothTemplate.app/Assets.car
2025-02-22 02:14:24 +0000  copying file ./Payload/VideoBoothTemplate.app/Step back84.png ... 
2025-02-22 02:14:24 +0000  59547 bytes for ./Payload/VideoBoothTemplate.app/Step back84.png
2025-02-22 02:14:24 +0000  copying file ./Payload/VideoBoothTemplate.app/Step back90.png ... 
2025-02-22 02:14:24 +0000  57419 bytes for ./Payload/VideoBoothTemplate.app/Step back90.png
2025-02-22 02:14:24 +0000  copying file ./Payload/VideoBoothTemplate.app/Step back47.png ... 
2025-02-22 02:14:24 +0000  59700 bytes for ./Payload/VideoBoothTemplate.app/Step back47.png
2025-02-22 02:14:24 +0000  copying file ./Payload/VideoBoothTemplate.app/Step back53.png ... 
2025-02-22 02:14:24 +0000  59925 bytes for ./Payload/VideoBoothTemplate.app/Step back53.png
2025-02-22 02:14:24 +0000  copying file ./Payload/VideoBoothTemplate.app/Step back57.png ... 
2025-02-22 02:14:24 +0000  59781 bytes for ./Payload/VideoBoothTemplate.app/Step back57.png
2025-02-22 02:14:24 +0000  copying file ./Payload/VideoBoothTemplate.app/Step back43.png ... 
2025-02-22 02:14:24 +0000  60394 bytes for ./Payload/VideoBoothTemplate.app/Step back43.png
2025-02-22 02:14:24 +0000  copying file ./Payload/VideoBoothTemplate.app/TheMixPlain.ttf ... 
2025-02-22 02:14:24 +0000  106205 bytes for ./Payload/VideoBoothTemplate.app/TheMixPlain.ttf
2025-02-22 02:14:24 +0000  copying file ./Payload/VideoBoothTemplate.app/Step back80.png ... 
2025-02-22 02:14:24 +0000  57740 bytes for ./Payload/VideoBoothTemplate.app/Step back80.png
2025-02-22 02:14:24 +0000  copying file ./Payload/VideoBoothTemplate.app/UAEU Idle Screen.mp4 ... 
2025-02-22 02:14:24 +0000  12657073 bytes for ./Payload/VideoBoothTemplate.app/UAEU Idle Screen.mp4
2025-02-22 02:14:24 +0000  copying file ./Payload/VideoBoothTemplate.app/Step back81.png ... 
2025-02-22 02:14:24 +0000  59226 bytes for ./Payload/VideoBoothTemplate.app/Step back81.png
2025-02-22 02:14:24 +0000  copying file ./Payload/VideoBoothTemplate.app/Step back42.png ... 
2025-02-22 02:14:24 +0000  59847 bytes for ./Payload/VideoBoothTemplate.app/Step back42.png
2025-02-22 02:14:24 +0000  copying file ./Payload/VideoBoothTemplate.app/Step back56.png ... 
2025-02-22 02:14:24 +0000  60107 bytes for ./Payload/VideoBoothTemplate.app/Step back56.png
2025-02-22 02:14:24 +0000  copying file ./Payload/VideoBoothTemplate.app/Step back68.png ... 
2025-02-22 02:14:24 +0000  59947 bytes for ./Payload/VideoBoothTemplate.app/Step back68.png
2025-02-22 02:14:24 +0000  copying file ./Payload/VideoBoothTemplate.app/Step back40.png ... 
2025-02-22 02:14:24 +0000  58376 bytes for ./Payload/VideoBoothTemplate.app/Step back40.png
2025-02-22 02:14:24 +0000  copying file ./Payload/VideoBoothTemplate.app/Step back54.png ... 
2025-02-22 02:14:24 +0000  59581 bytes for ./Payload/VideoBoothTemplate.app/Step back54.png
2025-02-22 02:14:24 +0000  copying file ./Payload/VideoBoothTemplate.app/Step back83.png ... 
2025-02-22 02:14:24 +0000  59112 bytes for ./Payload/VideoBoothTemplate.app/Step back83.png
2025-02-22 02:14:24 +0000  copying file ./Payload/VideoBoothTemplate.app/Step back82.png ... 
2025-02-22 02:14:24 +0000  59548 bytes for ./Payload/VideoBoothTemplate.app/Step back82.png
2025-02-22 02:14:24 +0000  copying file ./Payload/VideoBoothTemplate.app/Step back55.png ... 
2025-02-22 02:14:24 +0000  60339 bytes for ./Payload/VideoBoothTemplate.app/Step back55.png
2025-02-22 02:14:24 +0000  copying file ./Payload/VideoBoothTemplate.app/Step back41.png ... 
2025-02-22 02:14:24 +0000  59793 bytes for ./Payload/VideoBoothTemplate.app/Step back41.png
2025-02-22 02:14:24 +0000  copying file ./Payload/VideoBoothTemplate.app/Step back69.png ... 
2025-02-22 02:14:24 +0000  59773 bytes for ./Payload/VideoBoothTemplate.app/Step back69.png
2025-02-22 02:14:24 +0000  copying file ./Payload/VideoBoothTemplate.app/Step back26.png ... 
2025-02-22 02:14:24 +0000  62017 bytes for ./Payload/VideoBoothTemplate.app/Step back26.png
2025-02-22 02:14:24 +0000  copying file ./Payload/VideoBoothTemplate.app/Step back32.png ... 
2025-02-22 02:14:24 +0000  61127 bytes for ./Payload/VideoBoothTemplate.app/Step back32.png
2025-02-22 02:14:24 +0000  copying file ./Payload/VideoBoothTemplate.app/Step back33.png ... 
2025-02-22 02:14:24 +0000  61172 bytes for ./Payload/VideoBoothTemplate.app/Step back33.png
2025-02-22 02:14:24 +0000  copying file ./Payload/VideoBoothTemplate.app/Step back27.png ... 
2025-02-22 02:14:24 +0000  62537 bytes for ./Payload/VideoBoothTemplate.app/Step back27.png
2025-02-22 02:14:24 +0000  copying file ./Payload/VideoBoothTemplate.app/Step back31.png ... 
2025-02-22 02:14:24 +0000  60844 bytes for ./Payload/VideoBoothTemplate.app/Step back31.png
2025-02-22 02:14:24 +0000  copying file ./Payload/VideoBoothTemplate.app/Step back25.png ... 
2025-02-22 02:14:24 +0000  62177 bytes for ./Payload/VideoBoothTemplate.app/Step back25.png
2025-02-22 02:14:24 +0000  copying file ./Payload/VideoBoothTemplate.app/Step back19.png ... 
2025-02-22 02:14:24 +0000  60593 bytes for ./Payload/VideoBoothTemplate.app/Step back19.png
2025-02-22 02:14:24 +0000  copying file ./Payload/VideoBoothTemplate.app/QRView.nib ... 
2025-02-22 02:14:24 +0000  6275 bytes for ./Payload/VideoBoothTemplate.app/QRView.nib
2025-02-22 02:14:24 +0000  copying file ./Payload/VideoBoothTemplate.app/embedded.mobileprovision ... 
2025-02-22 02:14:24 +0000  22720 bytes for ./Payload/VideoBoothTemplate.app/embedded.mobileprovision
2025-02-22 02:14:24 +0000  copying file ./Payload/VideoBoothTemplate.app/Step back18.png ... 
2025-02-22 02:14:24 +0000  61087 bytes for ./Payload/VideoBoothTemplate.app/Step back18.png
2025-02-22 02:14:24 +0000  copying file ./Payload/VideoBoothTemplate.app/Step back24.png ... 
2025-02-22 02:14:24 +0000  61995 bytes for ./Payload/VideoBoothTemplate.app/Step back24.png
2025-02-22 02:14:24 +0000  copying file ./Payload/VideoBoothTemplate.app/Step back30.png ... 
2025-02-22 02:14:24 +0000  58993 bytes for ./Payload/VideoBoothTemplate.app/Step back30.png
2025-02-22 02:14:24 +0000  copying file ./Payload/VideoBoothTemplate.app/Step back08.png ... 
2025-02-22 02:14:24 +0000  59436 bytes for ./Payload/VideoBoothTemplate.app/Step back08.png
2025-02-22 02:14:24 +0000  copying file ./Payload/VideoBoothTemplate.app/Step back34.png ... 
2025-02-22 02:14:24 +0000  60931 bytes for ./Payload/VideoBoothTemplate.app/Step back34.png
2025-02-22 02:14:24 +0000  copying file ./Payload/VideoBoothTemplate.app/Step back20.png ... 
2025-02-22 02:14:24 +0000  60488 bytes for ./Payload/VideoBoothTemplate.app/Step back20.png
2025-02-22 02:14:24 +0000  copying file ./Payload/VideoBoothTemplate.app/2.png ... 
2025-02-22 02:14:24 +0000  2774 bytes for ./Payload/VideoBoothTemplate.app/2.png
2025-02-22 02:14:24 +0000  copying file ./Payload/VideoBoothTemplate.app/3.png ... 
2025-02-22 02:14:24 +0000  1285 bytes for ./Payload/VideoBoothTemplate.app/3.png
2025-02-22 02:14:24 +0000  copying file ./Payload/VideoBoothTemplate.app/Step back21.png ... 
2025-02-22 02:14:24 +0000  61622 bytes for ./Payload/VideoBoothTemplate.app/Step back21.png
2025-02-22 02:14:24 +0000  copying file ./Payload/VideoBoothTemplate.app/Step back35.png ... 
2025-02-22 02:14:24 +0000  60645 bytes for ./Payload/VideoBoothTemplate.app/Step back35.png
2025-02-22 02:14:24 +0000  copying file ./Payload/VideoBoothTemplate.app/Step back09.png ... 
2025-02-22 02:14:24 +0000  59430 bytes for ./Payload/VideoBoothTemplate.app/Step back09.png
2025-02-22 02:14:24 +0000  copying file ./Payload/VideoBoothTemplate.app/Info.plist ... 
2025-02-22 02:14:24 +0000  1846 bytes for ./Payload/VideoBoothTemplate.app/Info.plist
2025-02-22 02:14:24 +0000  copying file ./Payload/VideoBoothTemplate.app/Step back23.png ... 
2025-02-22 02:14:24 +0000  62309 bytes for ./Payload/VideoBoothTemplate.app/Step back23.png
2025-02-22 02:14:24 +0000  copying file ./Payload/VideoBoothTemplate.app/Step back37.png ... 
2025-02-22 02:14:24 +0000  60223 bytes for ./Payload/VideoBoothTemplate.app/Step back37.png
2025-02-22 02:14:24 +0000  copying file ./Payload/VideoBoothTemplate.app/VideoBoothTemplate ... 
2025-02-22 02:14:24 +0000  1683632 bytes for ./Payload/VideoBoothTemplate.app/VideoBoothTemplate
2025-02-22 02:14:24 +0000  copying file ./Payload/VideoBoothTemplate.app/1.png ... 
2025-02-22 02:14:24 +0000  544 bytes for ./Payload/VideoBoothTemplate.app/1.png
2025-02-22 02:14:24 +0000  copying file ./Payload/VideoBoothTemplate.app/PkgInfo ... 
2025-02-22 02:14:24 +0000  8 bytes for ./Payload/VideoBoothTemplate.app/PkgInfo
2025-02-22 02:14:24 +0000  copying file ./Payload/VideoBoothTemplate.app/Step back36.png ... 
2025-02-22 02:14:24 +0000  60683 bytes for ./Payload/VideoBoothTemplate.app/Step back36.png
2025-02-22 02:14:24 +0000  copying file ./Payload/VideoBoothTemplate.app/Step back22.png ... 
2025-02-22 02:14:24 +0000  61756 bytes for ./Payload/VideoBoothTemplate.app/Step back22.png
2025-02-22 02:14:24 +0000  /usr/bin/ditto exited with 0
2025-02-22 02:14:24 +0000  Processing step: IDEDistributionAppStoreInformationStep
2025-02-22 02:14:24 +0000  Skipping step: IDEDistributionAppStoreInformationStep because it said so
2025-02-22 02:14:24 +0000  Processing step: IDEDistributionGenerateProcessedDistributionItems
2025-02-22 02:14:24 +0000  IDEDistributionItem init <DVTFilePath:0x60000e219810:'/var/folders/c0/szd6h2b11d3cn9msq2dd73n00000gn/T/XcodeDistPipeline.~~~Jw5uCA/Root/Payload/VideoBoothTemplate.app'>
2025-02-22 02:14:24 +0000  Processing step: IDEDistributionCreateManifestStep
